<?xml version="1.0" encoding="UTF-8"?>
<!-- Generated by org.testng.reporters.JUnitReportReporter -->
<testsuite hostname="CBPC-09" failures="0" tests="6" name="com.eva.AutomationPractice.AutomationPracticeProject" time="69.084" errors="0" timestamp="2024-04-19T14:14:27 IST" skipped="5">
  <testcase classname="com.eva.AutomationPractice.AutomationPracticeProject" name="verifyAddproductInCart" time="69.084"/>
  <system-out/>
  <testcase classname="com.eva.AutomationPractice.AutomationPracticeProject" name="verifyHomePageSubscription">
    <skipped/>
  </testcase> <!-- verifyHomePageSubscription -->
  <system-out/>
  <testcase classname="com.eva.AutomationPractice.AutomationPracticeProject" name="projectAllList">
    <skipped/>
  </testcase> <!-- projectAllList -->
  <system-out/>
  <testcase classname="com.eva.AutomationPractice.AutomationPracticeProject" name="tc001ContactUs">
    <skipped/>
  </testcase> <!-- tc001ContactUs -->
  <system-out/>
  <testcase classname="com.eva.AutomationPractice.AutomationPracticeProject" name="verifyCartsubscription">
    <skipped/>
  </testcase> <!-- verifyCartsubscription -->
  <system-out/>
  <testcase classname="com.eva.AutomationPractice.AutomationPracticeProject" name="verifysearchproduct">
    <skipped/>
  </testcase> <!-- verifysearchproduct -->
  <system-out/>
</testsuite> <!-- com.eva.AutomationPractice.AutomationPracticeProject -->
