<?xml version="1.0" encoding="UTF-8"?>
<!-- Generated by org.testng.reporters.JUnitReportReporter -->
<testsuite hostname="CBPC-09" failures="0" tests="1" name="com.eva.AutomationPractice.ViewCategoryList" time="23.350" errors="0" timestamp="2024-05-02T15:59:08 IST" skipped="0">
  <testcase classname="com.eva.AutomationPractice.ViewCategoryList" name="verifyViewCategoryList" time="23.350"/>
  <system-out/>
</testsuite> <!-- com.eva.AutomationPractice.ViewCategoryList -->
