<?xml version="1.0" encoding="UTF-8"?>
<!-- Generated by org.testng.reporters.JUnitReportReporter -->
<testsuite hostname="CBPC-09" failures="0" tests="2" name="com.eva.AutomationPractice.ViewCategoryAndBrandList" time="136.510" errors="0" timestamp="2024-05-02T18:31:47 IST" skipped="0">
  <testcase classname="com.eva.AutomationPractice.ViewCategoryAndBrandList" name="verifyViewCategoryList" time="60.240"/>
  <system-out/>
  <testcase classname="com.eva.AutomationPractice.ViewCategoryAndBrandList" name="verifyViewBrandList" time="76.270"/>
  <system-out/>
</testsuite> <!-- com.eva.AutomationPractice.ViewCategoryAndBrandList -->
