<?xml version="1.0" encoding="UTF-8"?>
<!-- Generated by org.testng.reporters.JUnitReportReporter -->
<testsuite hostname="CBPC-09" failures="0" tests="3" name="com.eva.AutomationPractice.AutomationPracticeProject" time="38.117" errors="0" timestamp="2024-04-17T19:50:56 IST" skipped="2">
  <testcase classname="com.eva.AutomationPractice.AutomationPracticeProject" name="verifysearchproduct" time="38.117"/>
  <system-out/>
  <testcase classname="com.eva.AutomationPractice.AutomationPracticeProject" name="projectAllList">
    <skipped/>
  </testcase> <!-- projectAllList -->
  <system-out/>
  <testcase classname="com.eva.AutomationPractice.AutomationPracticeProject" name="tc001ContactUs">
    <skipped/>
  </testcase> <!-- tc001ContactUs -->
  <system-out/>
</testsuite> <!-- com.eva.AutomationPractice.AutomationPracticeProject -->
