<?xml version="1.0" encoding="UTF-8"?>
<!-- Generated by org.testng.reporters.JUnitReportReporter -->
<testsuite hostname="CBPC-09" failures="0" tests="1" name="com.eva.registration.Vtiger" time="8.130" errors="0" timestamp="2024-04-19T19:55:22 IST" skipped="0">
  <testcase classname="com.eva.registration.Vtiger" name="robot" time="8.130"/>
  <system-out/>
</testsuite> <!-- com.eva.registration.Vtiger -->
