<?xml version="1.0" encoding="UTF-8"?>
<!-- Generated by org.testng.reporters.JUnitReportReporter -->
<testsuite hostname="CBPC-09" failures="0" tests="2" name="com.eva.AutomationPractice.AutomationPracticeProject" time="42.449" errors="0" timestamp="2024-04-03T22:45:13 IST" skipped="0">
  <testcase classname="com.eva.AutomationPractice.AutomationPracticeProject" name="tc001ContactUs" time="21.048"/>
  <system-out/>
  <testcase classname="com.eva.AutomationPractice.AutomationPracticeProject" name="tc001ContactUs" time="21.401"/>
  <system-out/>
</testsuite> <!-- com.eva.AutomationPractice.AutomationPracticeProject -->
