<?xml version="1.0" encoding="UTF-8"?>
<!-- Generated by org.testng.reporters.JUnitReportReporter -->
<testsuite hostname="CBPC-09" failures="0" tests="1" name="com.eva.AutomationPractice.RemoveProductfromCart" time="32.251" errors="0" timestamp="2024-05-02T14:58:07 IST" skipped="0">
  <testcase classname="com.eva.AutomationPractice.RemoveProductfromCart" name="removeProductCart" time="32.251"/>
  <system-out/>
</testsuite> <!-- com.eva.AutomationPractice.RemoveProductfromCart -->
