<?xml version="1.0" encoding="UTF-8"?>
<!-- Generated by org.testng.reporters.JUnitReportReporter -->
<testsuite hostname="CBPC-09" failures="0" tests="2" name="com.eva.AutomationPractice.ScrollupDownTestScript" time="97.175" errors="0" timestamp="2024-05-15T11:10:20 IST" skipped="0">
  <testcase classname="com.eva.AutomationPractice.ScrollupDownTestScript" name="ScrollupDownwithoutarrow" time="23.367"/>
  <system-out/>
  <testcase classname="com.eva.AutomationPractice.ScrollupDownTestScript" name="ScrollupDown" time="73.808"/>
  <system-out/>
</testsuite> <!-- com.eva.AutomationPractice.ScrollupDownTestScript -->
