<?xml version="1.0" encoding="UTF-8"?>
<!-- Generated by org.testng.reporters.JUnitReportReporter -->
<testsuite hostname="CBPC-09" failures="0" tests="1" name="com.eva.registration.Registration_Login" time="50.379" errors="0" timestamp="2024-04-15T23:59:25 IST" skipped="0">
  <testcase classname="com.eva.registration.Registration_Login" name="registration" time="50.379"/>
  <system-out/>
</testsuite> <!-- com.eva.registration.Registration_Login -->
