<?xml version="1.0" encoding="UTF-8"?>
<!-- Generated by org.testng.reporters.JUnitReportReporter -->
<testsuite hostname="CBPC-09" failures="0" tests="2" name="com.eva.AutomationPractice.AutomationPracticeProject" time="41.645" errors="0" timestamp="2024-04-02T19:41:14 IST" skipped="0">
  <testcase classname="com.eva.AutomationPractice.AutomationPracticeProject" name="tc001ContactUs" time="22.119"/>
  <system-out/>
  <testcase classname="com.eva.AutomationPractice.AutomationPracticeProject" name="tc001ContactUs" time="19.526"/>
  <system-out/>
</testsuite> <!-- com.eva.AutomationPractice.AutomationPracticeProject -->
